[2019-03-04T14:59:08.068] [ERROR] err - 携带参数的测试
[2019-03-04T15:00:36.623] [ERROR] err - 携带参数的测试
