[2019-03-04T15:00:36.642] [ERROR] oth - 携带参数的测试
[2019-03-04T15:00:59.468] [ERROR] oth - 携带参数的测试
[2019-03-04T15:03:45.510] [ERROR] oth - 携带参数的测试
[2019-03-04T15:04:17.026] [ERROR] oth - 携带参数的测试
[2019-03-04T15:33:55.291] [ERROR] oth - 携带参数的测试
[2019-03-04T15:34:44.307] [ERROR] oth - 携带参数的测试
[2019-03-04T15:35:03.704] [ERROR] oth - 携带参数的测试
